2015-11-01 00:28:38 Error: Testing LogError() basic function
2015-11-01 00:28:38 Error: Testing with multi-line string
2015-11-01 00:48:06 Error: [MissingActionException] Action PagesController::home() could not be found.
Exception Attributes: array (
  'controller' => 'PagesController',
  'action' => 'home',
)
Request URL: /~mj/proy/soft/eccimovies/
Stack Trace:
#0 /home/mj/public_html/proy/soft/eccimovies/lib/Cake/Routing/Dispatcher.php(193): Controller->invokeAction(Object(CakeRequest))
#1 /home/mj/public_html/proy/soft/eccimovies/lib/Cake/Routing/Dispatcher.php(167): Dispatcher->_invoke(Object(PagesController), Object(CakeRequest))
#2 /home/mj/public_html/proy/soft/eccimovies/app/webroot/index.php(115): Dispatcher->dispatch(Object(CakeRequest), Object(CakeResponse))
#3 {main}
2015-11-01 00:58:22 Error: [MissingControllerException] Controller class LayoutController could not be found.
Exception Attributes: array (
  'class' => 'LayoutController',
  'plugin' => NULL,
)
Request URL: /~mj/proy/soft/eccimovies/layout/default.ctp
Stack Trace:
#0 /home/mj/public_html/proy/soft/eccimovies/app/webroot/index.php(115): Dispatcher->dispatch(Object(CakeRequest), Object(CakeResponse))
#1 {main}
2015-11-01 00:58:38 Error: [MissingViewException] View file "Pages/index.ctp.ctp" is missing.
Exception Attributes: array (
  'file' => 'Pages/index.ctp.ctp',
)
Request URL: /~mj/proy/soft/eccimovies/pages/index.ctp
Stack Trace:
#0 /home/mj/public_html/proy/soft/eccimovies/lib/Cake/View/View.php(470): View->_getViewFileName('index.ctp')
#1 /home/mj/public_html/proy/soft/eccimovies/lib/Cake/Controller/Controller.php(960): View->render('index.ctp', NULL)
#2 /home/mj/public_html/proy/soft/eccimovies/app/Controller/PagesController.php(68): Controller->render('index.ctp')
#3 [internal function]: PagesController->display('index.ctp')
#4 /home/mj/public_html/proy/soft/eccimovies/lib/Cake/Controller/Controller.php(490): ReflectionMethod->invokeArgs(Object(PagesController), Array)
#5 /home/mj/public_html/proy/soft/eccimovies/lib/Cake/Routing/Dispatcher.php(193): Controller->invokeAction(Object(CakeRequest))
#6 /home/mj/public_html/proy/soft/eccimovies/lib/Cake/Routing/Dispatcher.php(167): Dispatcher->_invoke(Object(PagesController), Object(CakeRequest))
#7 /home/mj/public_html/proy/soft/eccimovies/app/webroot/index.php(115): Dispatcher->dispatch(Object(CakeRequest), Object(CakeResponse))
#8 {main}
2015-11-01 00:58:50 Error: [MissingViewException] View file "Pages/index.php.ctp" is missing.
Exception Attributes: array (
  'file' => 'Pages/index.php.ctp',
)
Request URL: /~mj/proy/soft/eccimovies/pages/index.php
Stack Trace:
#0 /home/mj/public_html/proy/soft/eccimovies/lib/Cake/View/View.php(470): View->_getViewFileName('index.php')
#1 /home/mj/public_html/proy/soft/eccimovies/lib/Cake/Controller/Controller.php(960): View->render('index.php', NULL)
#2 /home/mj/public_html/proy/soft/eccimovies/app/Controller/PagesController.php(68): Controller->render('index.php')
#3 [internal function]: PagesController->display('index.php')
#4 /home/mj/public_html/proy/soft/eccimovies/lib/Cake/Controller/Controller.php(490): ReflectionMethod->invokeArgs(Object(PagesController), Array)
#5 /home/mj/public_html/proy/soft/eccimovies/lib/Cake/Routing/Dispatcher.php(193): Controller->invokeAction(Object(CakeRequest))
#6 /home/mj/public_html/proy/soft/eccimovies/lib/Cake/Routing/Dispatcher.php(167): Dispatcher->_invoke(Object(PagesController), Object(CakeRequest))
#7 /home/mj/public_html/proy/soft/eccimovies/app/webroot/index.php(115): Dispatcher->dispatch(Object(CakeRequest), Object(CakeResponse))
#8 {main}
2015-11-01 08:38:49 Error: [MissingActionException] Action ProductsController::admin_edit() could not be found.
Exception Attributes: array (
  'controller' => 'ProductsController',
  'action' => 'admin_edit',
)
Request URL: /~mj/proy/soft/eccimovies/admin/products/edit/49
Stack Trace:
#0 /home/mj/public_html/proy/soft/eccimovies/lib/Cake/Routing/Dispatcher.php(193): Controller->invokeAction(Object(CakeRequest))
#1 /home/mj/public_html/proy/soft/eccimovies/lib/Cake/Routing/Dispatcher.php(167): Dispatcher->_invoke(Object(ProductsController), Object(CakeRequest))
#2 /home/mj/public_html/proy/soft/eccimovies/app/webroot/index.php(115): Dispatcher->dispatch(Object(CakeRequest), Object(CakeResponse))
#3 {main}
2015-11-01 08:58:25 Error: Fatal Error (64): Cannot redeclare AddressTest::$fixtures in [/home/mj/public_html/proy/soft/eccimovies/app/Test/Case/Model/AddressTest.php, line 33]
2015-11-01 08:58:25 Error: [FatalErrorException] Cannot redeclare AddressTest::$fixtures
Stack Trace:
#0 /home/mj/public_html/proy/soft/eccimovies/lib/Cake/Error/ErrorHandler.php(213): ErrorHandler::handleFatalError(64, 'Cannot redeclar...', '/home/mj/public...', 33)
#1 [internal function]: ErrorHandler::handleError(64, 'Cannot redeclar...', '/home/mj/public...', 33, Array)
#2 /home/mj/public_html/proy/soft/eccimovies/lib/Cake/Core/App.php(933): call_user_func('ErrorHandler::h...', 64, 'Cannot redeclar...', '/home/mj/public...', 33, Array)
#3 /home/mj/public_html/proy/soft/eccimovies/lib/Cake/Core/App.php(906): App::_checkFatalError()
#4 [internal function]: App::shutdown()
#5 {main}
2015-11-01 08:59:36 Error: [UnexpectedValueException] Referenced fixture class Cart (Test/Fixture/CartFixture.php) not found
Stack Trace:
#0 /home/mj/public_html/proy/soft/eccimovies/lib/Cake/TestSuite/Fixture/CakeFixtureManager.php(77): CakeFixtureManager->_loadFixtures(Array)
#1 /home/mj/public_html/proy/soft/eccimovies/lib/Cake/TestSuite/CakeTestRunner.php(57): CakeFixtureManager->fixturize(Object(AddressTest))
#2 /home/mj/public_html/proy/soft/eccimovies/lib/Cake/TestSuite/CakeTestSuiteCommand.php(98): CakeTestRunner->doRun(Object(PHPUnit_Framework_TestSuite), Array)
#3 /home/mj/public_html/proy/soft/eccimovies/lib/Cake/TestSuite/CakeTestSuiteDispatcher.php(259): CakeTestSuiteCommand->run(Array)
#4 /home/mj/public_html/proy/soft/eccimovies/lib/Cake/TestSuite/CakeTestSuiteDispatcher.php(96): CakeTestSuiteDispatcher->_runTestCase()
#5 /home/mj/public_html/proy/soft/eccimovies/lib/Cake/TestSuite/CakeTestSuiteDispatcher.php(113): CakeTestSuiteDispatcher->dispatch()
#6 /home/mj/public_html/proy/soft/eccimovies/app/webroot/test.php(105): CakeTestSuiteDispatcher::run()
#7 {main}
2015-11-01 09:00:08 Error: [PDOException] SQLSTATE[23000]: Integrity constraint violation: 1062 Duplicate entry '1' for key 'PRIMARY'
Stack Trace:
#0 /home/mj/public_html/proy/soft/eccimovies/lib/Cake/Model/Datasource/DboSource.php(3194): PDOStatement->execute()
#1 /home/mj/public_html/proy/soft/eccimovies/lib/Cake/TestSuite/Fixture/CakeTestFixture.php(307): DboSource->insertMulti('addresses', Array, Array)
#2 /home/mj/public_html/proy/soft/eccimovies/lib/Cake/TestSuite/Fixture/CakeFixtureManager.php(233): CakeTestFixture->insert(Object(Mysql))
#3 /home/mj/public_html/proy/soft/eccimovies/lib/Cake/TestSuite/CakeTestCase.php(80): CakeFixtureManager->load(Object(AddressTest))
#4 phar:///home/mj/public_html/proy/soft/eccimovies/vendors/phpunit.phar/phpunit/Framework/TestSuite.php(779): CakeTestCase->run(Object(PHPUnit_Framework_TestResult))
#5 phar:///home/mj/public_html/proy/soft/eccimovies/vendors/phpunit.phar/phpunit/Framework/TestSuite.php(749): PHPUnit_Framework_TestSuite->runTest(Object(AddressTest), Object(PHPUnit_Framework_TestResult))
#6 phar:///home/mj/public_html/proy/soft/eccimovies/vendors/phpunit.phar/phpunit/TextUI/TestRunner.php(350): PHPUnit_Framework_TestSuite->run(Object(PHPUnit_Framework_TestResult), false, Array, Array, false)
#7 /home/mj/public_html/proy/soft/eccimovies/lib/Cake/TestSuite/CakeTestRunner.php(62): PHPUnit_TextUI_TestRunner->doRun(Object(PHPUnit_Framework_TestSuite), Array)
#8 /home/mj/public_html/proy/soft/eccimovies/lib/Cake/TestSuite/CakeTestSuiteCommand.php(98): CakeTestRunner->doRun(Object(PHPUnit_Framework_TestSuite), Array)
#9 /home/mj/public_html/proy/soft/eccimovies/lib/Cake/TestSuite/CakeTestSuiteDispatcher.php(259): CakeTestSuiteCommand->run(Array)
#10 /home/mj/public_html/proy/soft/eccimovies/lib/Cake/TestSuite/CakeTestSuiteDispatcher.php(96): CakeTestSuiteDispatcher->_runTestCase()
#11 /home/mj/public_html/proy/soft/eccimovies/lib/Cake/TestSuite/CakeTestSuiteDispatcher.php(113): CakeTestSuiteDispatcher->dispatch()
#12 /home/mj/public_html/proy/soft/eccimovies/app/webroot/test.php(105): CakeTestSuiteDispatcher::run()
#13 {main}
2015-11-01 09:07:37 Error: [PDOException] SQLSTATE[23000]: Integrity constraint violation: 1062 Duplicate entry '1' for key 'PRIMARY'
Stack Trace:
#0 /home/mj/public_html/proy/soft/eccimovies/lib/Cake/Model/Datasource/DboSource.php(3194): PDOStatement->execute()
#1 /home/mj/public_html/proy/soft/eccimovies/lib/Cake/TestSuite/Fixture/CakeTestFixture.php(307): DboSource->insertMulti('addresses', Array, Array)
#2 /home/mj/public_html/proy/soft/eccimovies/lib/Cake/TestSuite/Fixture/CakeFixtureManager.php(233): CakeTestFixture->insert(Object(Mysql))
#3 /home/mj/public_html/proy/soft/eccimovies/lib/Cake/TestSuite/CakeTestCase.php(80): CakeFixtureManager->load(Object(AddressesControllerTest))
#4 phar:///home/mj/public_html/proy/soft/eccimovies/vendors/phpunit.phar/phpunit/Framework/TestSuite.php(779): CakeTestCase->run(Object(PHPUnit_Framework_TestResult))
#5 phar:///home/mj/public_html/proy/soft/eccimovies/vendors/phpunit.phar/phpunit/Framework/TestSuite.php(749): PHPUnit_Framework_TestSuite->runTest(Object(AddressesControllerTest), Object(PHPUnit_Framework_TestResult))
#6 phar:///home/mj/public_html/proy/soft/eccimovies/vendors/phpunit.phar/phpunit/TextUI/TestRunner.php(350): PHPUnit_Framework_TestSuite->run(Object(PHPUnit_Framework_TestResult), false, Array, Array, false)
#7 /home/mj/public_html/proy/soft/eccimovies/lib/Cake/TestSuite/CakeTestRunner.php(62): PHPUnit_TextUI_TestRunner->doRun(Object(PHPUnit_Framework_TestSuite), Array)
#8 /home/mj/public_html/proy/soft/eccimovies/lib/Cake/TestSuite/CakeTestSuiteCommand.php(98): CakeTestRunner->doRun(Object(PHPUnit_Framework_TestSuite), Array)
#9 /home/mj/public_html/proy/soft/eccimovies/lib/Cake/TestSuite/CakeTestSuiteDispatcher.php(259): CakeTestSuiteCommand->run(Array)
#10 /home/mj/public_html/proy/soft/eccimovies/lib/Cake/TestSuite/CakeTestSuiteDispatcher.php(96): CakeTestSuiteDispatcher->_runTestCase()
#11 /home/mj/public_html/proy/soft/eccimovies/lib/Cake/TestSuite/CakeTestSuiteDispatcher.php(113): CakeTestSuiteDispatcher->dispatch()
#12 /home/mj/public_html/proy/soft/eccimovies/app/webroot/test.php(105): CakeTestSuiteDispatcher::run()
#13 {main}
2015-11-01 09:18:19 Error: [MissingActionException] Action ProductsController::admin_edit() could not be found.
Exception Attributes: array (
  'controller' => 'ProductsController',
  'action' => 'admin_edit',
)
Request URL: /~mj/proy/soft/eccimovies/admin/products/edit/49
Stack Trace:
#0 /home/mj/public_html/proy/soft/eccimovies/lib/Cake/Routing/Dispatcher.php(193): Controller->invokeAction(Object(CakeRequest))
#1 /home/mj/public_html/proy/soft/eccimovies/lib/Cake/Routing/Dispatcher.php(167): Dispatcher->_invoke(Object(ProductsController), Object(CakeRequest))
#2 /home/mj/public_html/proy/soft/eccimovies/app/webroot/index.php(115): Dispatcher->dispatch(Object(CakeRequest), Object(CakeResponse))
#3 {main}
2015-11-01 09:18:31 Error: [MissingControllerException] Controller class CssController could not be found.
Exception Attributes: array (
  'class' => 'CssController',
  'plugin' => NULL,
)
Request URL: /~mj/proy/soft/eccimovies/css/product.css
Stack Trace:
#0 /home/mj/public_html/proy/soft/eccimovies/app/webroot/index.php(115): Dispatcher->dispatch(Object(CakeRequest), Object(CakeResponse))
#1 {main}
2015-11-01 09:18:37 Error: [MissingControllerException] Controller class CssController could not be found.
Exception Attributes: array (
  'class' => 'CssController',
  'plugin' => NULL,
)
Request URL: /~mj/proy/soft/eccimovies/css/buscar.css
Stack Trace:
#0 /home/mj/public_html/proy/soft/eccimovies/app/webroot/index.php(115): Dispatcher->dispatch(Object(CakeRequest), Object(CakeResponse))
#1 {main}
2015-11-01 09:18:50 Error: [PrivateActionException] Private Action ProductsController::admin_index() is not directly accessible.
Exception Attributes: array (
  'controller' => 'ProductsController',
  'action' => 'admin_index',
)
Request URL: /~mj/proy/soft/eccimovies/products/admin_index
Stack Trace:
#0 /home/mj/public_html/proy/soft/eccimovies/lib/Cake/Routing/Dispatcher.php(193): Controller->invokeAction(Object(CakeRequest))
#1 /home/mj/public_html/proy/soft/eccimovies/lib/Cake/Routing/Dispatcher.php(167): Dispatcher->_invoke(Object(ProductsController), Object(CakeRequest))
#2 /home/mj/public_html/proy/soft/eccimovies/app/webroot/index.php(115): Dispatcher->dispatch(Object(CakeRequest), Object(CakeResponse))
#3 {main}
2015-11-01 09:19:02 Error: [MissingActionException] Action ProductsController::admin_index.php() could not be found.
Exception Attributes: array (
  'controller' => 'ProductsController',
  'action' => 'admin_index.php',
)
Request URL: /~mj/proy/soft/eccimovies/products/admin_index.php
Stack Trace:
#0 /home/mj/public_html/proy/soft/eccimovies/lib/Cake/Routing/Dispatcher.php(193): Controller->invokeAction(Object(CakeRequest))
#1 /home/mj/public_html/proy/soft/eccimovies/lib/Cake/Routing/Dispatcher.php(167): Dispatcher->_invoke(Object(ProductsController), Object(CakeRequest))
#2 /home/mj/public_html/proy/soft/eccimovies/app/webroot/index.php(115): Dispatcher->dispatch(Object(CakeRequest), Object(CakeResponse))
#3 {main}
2015-11-01 09:19:18 Error: [PrivateActionException] Private Action ProductsController::admin_index() is not directly accessible.
Exception Attributes: array (
  'controller' => 'ProductsController',
  'action' => 'admin_index',
)
Request URL: /~mj/proy/soft/eccimovies/products/admin_index
Stack Trace:
#0 /home/mj/public_html/proy/soft/eccimovies/lib/Cake/Routing/Dispatcher.php(193): Controller->invokeAction(Object(CakeRequest))
#1 /home/mj/public_html/proy/soft/eccimovies/lib/Cake/Routing/Dispatcher.php(167): Dispatcher->_invoke(Object(ProductsController), Object(CakeRequest))
#2 /home/mj/public_html/proy/soft/eccimovies/app/webroot/index.php(115): Dispatcher->dispatch(Object(CakeRequest), Object(CakeResponse))
#3 {main}
2015-11-01 09:19:59 Error: [PrivateActionException] Private Action CategoriesController::admin_index() is not directly accessible.
Exception Attributes: array (
  'controller' => 'CategoriesController',
  'action' => 'admin_index',
)
Request URL: /~mj/proy/soft/eccimovies/categories/admin_index
Stack Trace:
#0 /home/mj/public_html/proy/soft/eccimovies/lib/Cake/Routing/Dispatcher.php(193): Controller->invokeAction(Object(CakeRequest))
#1 /home/mj/public_html/proy/soft/eccimovies/lib/Cake/Routing/Dispatcher.php(167): Dispatcher->_invoke(Object(CategoriesController), Object(CakeRequest))
#2 /home/mj/public_html/proy/soft/eccimovies/app/webroot/index.php(115): Dispatcher->dispatch(Object(CakeRequest), Object(CakeResponse))
#3 {main}
2015-11-01 09:21:29 Error: [MissingControllerException] Controller class CssController could not be found.
Exception Attributes: array (
  'class' => 'CssController',
  'plugin' => NULL,
)
Request URL: /~mj/proy/soft/eccimovies/css/products.css
Stack Trace:
#0 /home/mj/public_html/proy/soft/eccimovies/app/webroot/index.php(115): Dispatcher->dispatch(Object(CakeRequest), Object(CakeResponse))
#1 {main}
2015-11-01 09:21:29 Error: [MissingControllerException] Controller class CssController could not be found.
Exception Attributes: array (
  'class' => 'CssController',
  'plugin' => NULL,
)
Request URL: /~mj/proy/soft/eccimovies/css/categories.css
Stack Trace:
#0 /home/mj/public_html/proy/soft/eccimovies/app/webroot/index.php(115): Dispatcher->dispatch(Object(CakeRequest), Object(CakeResponse))
#1 {main}
2015-11-01 09:21:29 Error: [MissingControllerException] Controller class CssController could not be found.
Exception Attributes: array (
  'class' => 'CssController',
  'plugin' => NULL,
)
Request URL: /~mj/proy/soft/eccimovies/css/signup.css
Stack Trace:
#0 /home/mj/public_html/proy/soft/eccimovies/app/webroot/index.php(115): Dispatcher->dispatch(Object(CakeRequest), Object(CakeResponse))
#1 {main}
2015-11-01 09:21:29 Error: [MissingControllerException] Controller class CssController could not be found.
Exception Attributes: array (
  'class' => 'CssController',
  'plugin' => NULL,
)
Request URL: /~mj/proy/soft/eccimovies/css/category_index.css
Stack Trace:
#0 /home/mj/public_html/proy/soft/eccimovies/app/webroot/index.php(115): Dispatcher->dispatch(Object(CakeRequest), Object(CakeResponse))
#1 {main}
2015-11-01 09:21:29 Error: [MissingControllerException] Controller class JsController could not be found.
Exception Attributes: array (
  'class' => 'JsController',
  'plugin' => NULL,
)
Request URL: /~mj/proy/soft/eccimovies/js/categories.js
Stack Trace:
#0 /home/mj/public_html/proy/soft/eccimovies/app/webroot/index.php(115): Dispatcher->dispatch(Object(CakeRequest), Object(CakeResponse))
#1 {main}
2015-11-01 09:21:29 Error: [MissingControllerException] Controller class JsController could not be found.
Exception Attributes: array (
  'class' => 'JsController',
  'plugin' => NULL,
)
Request URL: /~mj/proy/soft/eccimovies/js/categories.js
Stack Trace:
#0 /home/mj/public_html/proy/soft/eccimovies/app/webroot/index.php(115): Dispatcher->dispatch(Object(CakeRequest), Object(CakeResponse))
#1 {main}
2015-11-01 09:23:57 Error: [MissingControllerException] Controller class CssController could not be found.
Exception Attributes: array (
  'class' => 'CssController',
  'plugin' => NULL,
)
Request URL: /~mj/proy/soft/eccimovies/css/signup.css
Stack Trace:
#0 /home/mj/public_html/proy/soft/eccimovies/app/webroot/index.php(115): Dispatcher->dispatch(Object(CakeRequest), Object(CakeResponse))
#1 {main}
2015-11-01 09:23:57 Error: [MissingControllerException] Controller class CssController could not be found.
Exception Attributes: array (
  'class' => 'CssController',
  'plugin' => NULL,
)
Request URL: /~mj/proy/soft/eccimovies/css/category_index.css
Stack Trace:
#0 /home/mj/public_html/proy/soft/eccimovies/app/webroot/index.php(115): Dispatcher->dispatch(Object(CakeRequest), Object(CakeResponse))
#1 {main}
2015-11-01 09:23:57 Error: [MissingControllerException] Controller class CssController could not be found.
Exception Attributes: array (
  'class' => 'CssController',
  'plugin' => NULL,
)
Request URL: /~mj/proy/soft/eccimovies/css/categories.css
Stack Trace:
#0 /home/mj/public_html/proy/soft/eccimovies/app/webroot/index.php(115): Dispatcher->dispatch(Object(CakeRequest), Object(CakeResponse))
#1 {main}
2015-11-01 09:23:57 Error: [MissingControllerException] Controller class CssController could not be found.
Exception Attributes: array (
  'class' => 'CssController',
  'plugin' => NULL,
)
Request URL: /~mj/proy/soft/eccimovies/css/products.css
Stack Trace:
#0 /home/mj/public_html/proy/soft/eccimovies/app/webroot/index.php(115): Dispatcher->dispatch(Object(CakeRequest), Object(CakeResponse))
#1 {main}
2015-11-01 09:23:57 Error: [MissingControllerException] Controller class JsController could not be found.
Exception Attributes: array (
  'class' => 'JsController',
  'plugin' => NULL,
)
Request URL: /~mj/proy/soft/eccimovies/js/categories.js
Stack Trace:
#0 /home/mj/public_html/proy/soft/eccimovies/app/webroot/index.php(115): Dispatcher->dispatch(Object(CakeRequest), Object(CakeResponse))
#1 {main}
2015-11-01 09:23:58 Error: [MissingControllerException] Controller class JsController could not be found.
Exception Attributes: array (
  'class' => 'JsController',
  'plugin' => NULL,
)
Request URL: /~mj/proy/soft/eccimovies/js/categories.js
Stack Trace:
#0 /home/mj/public_html/proy/soft/eccimovies/app/webroot/index.php(115): Dispatcher->dispatch(Object(CakeRequest), Object(CakeResponse))
#1 {main}
2015-11-01 09:24:14 Error: [MissingControllerException] Controller class CssController could not be found.
Exception Attributes: array (
  'class' => 'CssController',
  'plugin' => NULL,
)
Request URL: /~mj/proy/soft/eccimovies/css/product.css
Stack Trace:
#0 /home/mj/public_html/proy/soft/eccimovies/app/webroot/index.php(115): Dispatcher->dispatch(Object(CakeRequest), Object(CakeResponse))
#1 {main}
2015-11-01 09:24:23 Error: [MissingControllerException] Controller class CssController could not be found.
Exception Attributes: array (
  'class' => 'CssController',
  'plugin' => NULL,
)
Request URL: /~mj/proy/soft/eccimovies/css/product.css
Stack Trace:
#0 /home/mj/public_html/proy/soft/eccimovies/app/webroot/index.php(115): Dispatcher->dispatch(Object(CakeRequest), Object(CakeResponse))
#1 {main}
2015-11-01 09:24:23 Error: [MissingControllerException] Controller class ImgController could not be found.
Exception Attributes: array (
  'class' => 'ImgController',
  'plugin' => NULL,
)
Request URL: /~mj/proy/soft/eccimovies/img/XGX-0956.jpg
Stack Trace:
#0 /home/mj/public_html/proy/soft/eccimovies/app/webroot/index.php(115): Dispatcher->dispatch(Object(CakeRequest), Object(CakeResponse))
#1 {main}
2015-11-01 09:24:46 Error: [MissingControllerException] Controller class CssController could not be found.
Exception Attributes: array (
  'class' => 'CssController',
  'plugin' => NULL,
)
Request URL: /~mj/proy/soft/eccimovies/css/buscar.css
Stack Trace:
#0 /home/mj/public_html/proy/soft/eccimovies/app/webroot/index.php(115): Dispatcher->dispatch(Object(CakeRequest), Object(CakeResponse))
#1 {main}
2015-11-01 09:24:52 Error: [MissingActionException] Action ProductsController::bake_index() could not be found.
Exception Attributes: array (
  'controller' => 'ProductsController',
  'action' => 'bake_index',
)
Request URL: /~mj/proy/soft/eccimovies/bake/products
Stack Trace:
#0 /home/mj/public_html/proy/soft/eccimovies/lib/Cake/Routing/Dispatcher.php(193): Controller->invokeAction(Object(CakeRequest))
#1 /home/mj/public_html/proy/soft/eccimovies/lib/Cake/Routing/Dispatcher.php(167): Dispatcher->_invoke(Object(ProductsController), Object(CakeRequest))
#2 /home/mj/public_html/proy/soft/eccimovies/app/webroot/index.php(115): Dispatcher->dispatch(Object(CakeRequest), Object(CakeResponse))
#3 {main}
2015-11-01 09:25:17 Error: [MissingActionException] Action UsersController::bake_index() could not be found.
Exception Attributes: array (
  'controller' => 'UsersController',
  'action' => 'bake_index',
)
Request URL: /~mj/proy/soft/eccimovies/bake/users
Stack Trace:
#0 /home/mj/public_html/proy/soft/eccimovies/lib/Cake/Routing/Dispatcher.php(193): Controller->invokeAction(Object(CakeRequest))
#1 /home/mj/public_html/proy/soft/eccimovies/lib/Cake/Routing/Dispatcher.php(167): Dispatcher->_invoke(Object(UsersController), Object(CakeRequest))
#2 /home/mj/public_html/proy/soft/eccimovies/app/webroot/index.php(115): Dispatcher->dispatch(Object(CakeRequest), Object(CakeResponse))
#3 {main}
2015-11-01 09:26:08 Error: [MissingControllerException] Controller class CssController could not be found.
Exception Attributes: array (
  'class' => 'CssController',
  'plugin' => NULL,
)
Request URL: /~mj/proy/soft/eccimovies/css/buscar.css
Stack Trace:
#0 /home/mj/public_html/proy/soft/eccimovies/app/webroot/index.php(115): Dispatcher->dispatch(Object(CakeRequest), Object(CakeResponse))
#1 {main}
2015-11-01 09:26:10 Error: [MissingControllerException] Controller class CssController could not be found.
Exception Attributes: array (
  'class' => 'CssController',
  'plugin' => NULL,
)
Request URL: /~mj/proy/soft/eccimovies/css/product.css
Stack Trace:
#0 /home/mj/public_html/proy/soft/eccimovies/app/webroot/index.php(115): Dispatcher->dispatch(Object(CakeRequest), Object(CakeResponse))
#1 {main}
2015-11-01 09:28:48 Error: [MissingControllerException] Controller class ImgController could not be found.
Exception Attributes: array (
  'class' => 'ImgController',
  'plugin' => NULL,
)
Request URL: /~mj/proy/soft/eccimovies/img/ALV-3267.jpg
Stack Trace:
#0 /home/mj/public_html/proy/soft/eccimovies/app/webroot/index.php(115): Dispatcher->dispatch(Object(CakeRequest), Object(CakeResponse))
#1 {main}
2015-11-01 09:28:48 Error: [MissingControllerException] Controller class ImgController could not be found.
Exception Attributes: array (
  'class' => 'ImgController',
  'plugin' => NULL,
)
Request URL: /~mj/proy/soft/eccimovies/img/AQA-4470.jpg
Stack Trace:
#0 /home/mj/public_html/proy/soft/eccimovies/app/webroot/index.php(115): Dispatcher->dispatch(Object(CakeRequest), Object(CakeResponse))
#1 {main}
2015-11-01 09:28:48 Error: [MissingControllerException] Controller class ImgController could not be found.
Exception Attributes: array (
  'class' => 'ImgController',
  'plugin' => NULL,
)
Request URL: /~mj/proy/soft/eccimovies/img/BRP-6633.jpg
Stack Trace:
#0 /home/mj/public_html/proy/soft/eccimovies/app/webroot/index.php(115): Dispatcher->dispatch(Object(CakeRequest), Object(CakeResponse))
#1 {main}
2015-11-01 09:28:48 Error: [MissingControllerException] Controller class ImgController could not be found.
Exception Attributes: array (
  'class' => 'ImgController',
  'plugin' => NULL,
)
Request URL: /~mj/proy/soft/eccimovies/img/HWO-7576.jpg
Stack Trace:
#0 /home/mj/public_html/proy/soft/eccimovies/app/webroot/index.php(115): Dispatcher->dispatch(Object(CakeRequest), Object(CakeResponse))
#1 {main}
2015-11-01 09:28:48 Error: [MissingControllerException] Controller class ImgController could not be found.
Exception Attributes: array (
  'class' => 'ImgController',
  'plugin' => NULL,
)
Request URL: /~mj/proy/soft/eccimovies/img/IEB-8949.jpg
Stack Trace:
#0 /home/mj/public_html/proy/soft/eccimovies/app/webroot/index.php(115): Dispatcher->dispatch(Object(CakeRequest), Object(CakeResponse))
#1 {main}
2015-11-01 09:28:48 Error: [MissingControllerException] Controller class ImgController could not be found.
Exception Attributes: array (
  'class' => 'ImgController',
  'plugin' => NULL,
)
Request URL: /~mj/proy/soft/eccimovies/img/JQC-7000.jpg
Stack Trace:
#0 /home/mj/public_html/proy/soft/eccimovies/app/webroot/index.php(115): Dispatcher->dispatch(Object(CakeRequest), Object(CakeResponse))
#1 {main}
2015-11-01 09:28:48 Error: [MissingControllerException] Controller class ImgController could not be found.
Exception Attributes: array (
  'class' => 'ImgController',
  'plugin' => NULL,
)
Request URL: /~mj/proy/soft/eccimovies/img/CJZ-1370.jpg
Stack Trace:
#0 /home/mj/public_html/proy/soft/eccimovies/app/webroot/index.php(115): Dispatcher->dispatch(Object(CakeRequest), Object(CakeResponse))
#1 {main}
2015-11-01 09:28:48 Error: [MissingControllerException] Controller class ImgController could not be found.
Exception Attributes: array (
  'class' => 'ImgController',
  'plugin' => NULL,
)
Request URL: /~mj/proy/soft/eccimovies/img/CBV-0812.jpg
Stack Trace:
#0 /home/mj/public_html/proy/soft/eccimovies/app/webroot/index.php(115): Dispatcher->dispatch(Object(CakeRequest), Object(CakeResponse))
#1 {main}
2015-11-01 09:52:49 Error: [MissingControllerException] Controller class JsController could not be found.
Exception Attributes: array (
  'class' => 'JsController',
  'plugin' => NULL,
)
Request URL: /~mj/proy/soft/eccimovies/js/bootstrap.min.js
Stack Trace:
#0 /home/mj/public_html/proy/soft/eccimovies/app/webroot/index.php(115): Dispatcher->dispatch(Object(CakeRequest), Object(CakeResponse))
#1 {main}
2015-11-01 09:52:49 Error: [MissingControllerException] Controller class CssController could not be found.
Exception Attributes: array (
  'class' => 'CssController',
  'plugin' => NULL,
)
Request URL: /~mj/proy/soft/eccimovies/css/bootstrap.min.css
Stack Trace:
#0 /home/mj/public_html/proy/soft/eccimovies/app/webroot/index.php(115): Dispatcher->dispatch(Object(CakeRequest), Object(CakeResponse))
#1 {main}
2015-11-01 09:52:49 Error: [MissingControllerException] Controller class JsController could not be found.
Exception Attributes: array (
  'class' => 'JsController',
  'plugin' => NULL,
)
Request URL: /~mj/proy/soft/eccimovies/js/jquery.js
Stack Trace:
#0 /home/mj/public_html/proy/soft/eccimovies/app/webroot/index.php(115): Dispatcher->dispatch(Object(CakeRequest), Object(CakeResponse))
#1 {main}
2015-11-01 09:52:49 Error: [MissingControllerException] Controller class ImgController could not be found.
Exception Attributes: array (
  'class' => 'ImgController',
  'plugin' => NULL,
)
Request URL: /~mj/proy/soft/eccimovies/img/movies-logo.jpg
Stack Trace:
#0 /home/mj/public_html/proy/soft/eccimovies/app/webroot/index.php(115): Dispatcher->dispatch(Object(CakeRequest), Object(CakeResponse))
#1 {main}
2015-11-01 09:52:49 Error: [MissingControllerException] Controller class ImgController could not be found.
Exception Attributes: array (
  'class' => 'ImgController',
  'plugin' => NULL,
)
Request URL: /~mj/proy/soft/eccimovies/img/IEB-8949.jpg
Stack Trace:
#0 /home/mj/public_html/proy/soft/eccimovies/app/webroot/index.php(115): Dispatcher->dispatch(Object(CakeRequest), Object(CakeResponse))
#1 {main}
2015-11-01 09:52:49 Error: [MissingControllerException] Controller class ImgController could not be found.
Exception Attributes: array (
  'class' => 'ImgController',
  'plugin' => NULL,
)
Request URL: /~mj/proy/soft/eccimovies/img/ALV-3267.jpg
Stack Trace:
#0 /home/mj/public_html/proy/soft/eccimovies/app/webroot/index.php(115): Dispatcher->dispatch(Object(CakeRequest), Object(CakeResponse))
#1 {main}
2015-11-01 09:52:49 Error: [MissingControllerException] Controller class ImgController could not be found.
Exception Attributes: array (
  'class' => 'ImgController',
  'plugin' => NULL,
)
Request URL: /~mj/proy/soft/eccimovies/img/HWO-7576.jpg
Stack Trace:
#0 /home/mj/public_html/proy/soft/eccimovies/app/webroot/index.php(115): Dispatcher->dispatch(Object(CakeRequest), Object(CakeResponse))
#1 {main}
2015-11-01 09:52:49 Error: [MissingControllerException] Controller class ImgController could not be found.
Exception Attributes: array (
  'class' => 'ImgController',
  'plugin' => NULL,
)
Request URL: /~mj/proy/soft/eccimovies/img/AQA-4470.jpg
Stack Trace:
#0 /home/mj/public_html/proy/soft/eccimovies/app/webroot/index.php(115): Dispatcher->dispatch(Object(CakeRequest), Object(CakeResponse))
#1 {main}
2015-11-01 09:52:49 Error: [MissingControllerException] Controller class ImgController could not be found.
Exception Attributes: array (
  'class' => 'ImgController',
  'plugin' => NULL,
)
Request URL: /~mj/proy/soft/eccimovies/img/BRP-6633.jpg
Stack Trace:
#0 /home/mj/public_html/proy/soft/eccimovies/app/webroot/index.php(115): Dispatcher->dispatch(Object(CakeRequest), Object(CakeResponse))
#1 {main}
2015-11-01 09:52:50 Error: [MissingControllerException] Controller class ImgController could not be found.
Exception Attributes: array (
  'class' => 'ImgController',
  'plugin' => NULL,
)
Request URL: /~mj/proy/soft/eccimovies/img/JQC-7000.jpg
Stack Trace:
#0 /home/mj/public_html/proy/soft/eccimovies/app/webroot/index.php(115): Dispatcher->dispatch(Object(CakeRequest), Object(CakeResponse))
#1 {main}
2015-11-01 09:52:50 Error: [MissingControllerException] Controller class ImgController could not be found.
Exception Attributes: array (
  'class' => 'ImgController',
  'plugin' => NULL,
)
Request URL: /~mj/proy/soft/eccimovies/img/CBV-0812.jpg
Stack Trace:
#0 /home/mj/public_html/proy/soft/eccimovies/app/webroot/index.php(115): Dispatcher->dispatch(Object(CakeRequest), Object(CakeResponse))
#1 {main}
2015-11-01 09:52:50 Error: [MissingControllerException] Controller class ImgController could not be found.
Exception Attributes: array (
  'class' => 'ImgController',
  'plugin' => NULL,
)
Request URL: /~mj/proy/soft/eccimovies/img/CJZ-1370.jpg
Stack Trace:
#0 /home/mj/public_html/proy/soft/eccimovies/app/webroot/index.php(115): Dispatcher->dispatch(Object(CakeRequest), Object(CakeResponse))
#1 {main}
2015-11-01 10:06:17 Error: [MissingControllerException] Controller class ImgController could not be found.
Exception Attributes: array (
  'class' => 'ImgController',
  'plugin' => NULL,
)
Request URL: /~mj/proy/soft/eccimovies/img/PIX-0001.jpg
Stack Trace:
#0 /home/mj/public_html/proy/soft/eccimovies/app/webroot/index.php(115): Dispatcher->dispatch(Object(CakeRequest), Object(CakeResponse))
#1 {main}
2015-11-01 10:06:18 Error: [MissingControllerException] Controller class ImgController could not be found.
Exception Attributes: array (
  'class' => 'ImgController',
  'plugin' => NULL,
)
Request URL: /~mj/proy/soft/eccimovies/img/PIX-0001.jpg
Stack Trace:
#0 /home/mj/public_html/proy/soft/eccimovies/app/webroot/index.php(115): Dispatcher->dispatch(Object(CakeRequest), Object(CakeResponse))
#1 {main}
2015-11-01 10:06:48 Error: [MissingControllerException] Controller class CssController could not be found.
Exception Attributes: array (
  'class' => 'CssController',
  'plugin' => NULL,
)
Request URL: /~mj/proy/soft/eccimovies/css/products.css
Stack Trace:
#0 /home/mj/public_html/proy/soft/eccimovies/app/webroot/index.php(115): Dispatcher->dispatch(Object(CakeRequest), Object(CakeResponse))
#1 {main}
2015-11-01 10:06:48 Error: [MissingControllerException] Controller class CssController could not be found.
Exception Attributes: array (
  'class' => 'CssController',
  'plugin' => NULL,
)
Request URL: /~mj/proy/soft/eccimovies/css/products.css
Stack Trace:
#0 /home/mj/public_html/proy/soft/eccimovies/app/webroot/index.php(115): Dispatcher->dispatch(Object(CakeRequest), Object(CakeResponse))
#1 {main}
2015-11-01 10:07:33 Error: [MissingControllerException] Controller class CssController could not be found.
Exception Attributes: array (
  'class' => 'CssController',
  'plugin' => NULL,
)
Request URL: /~mj/proy/soft/eccimovies/css/products.css
Stack Trace:
#0 /home/mj/public_html/proy/soft/eccimovies/app/webroot/index.php(115): Dispatcher->dispatch(Object(CakeRequest), Object(CakeResponse))
#1 {main}
2015-11-01 10:07:34 Error: [MissingControllerException] Controller class CssController could not be found.
Exception Attributes: array (
  'class' => 'CssController',
  'plugin' => NULL,
)
Request URL: /~mj/proy/soft/eccimovies/css/products.css
Stack Trace:
#0 /home/mj/public_html/proy/soft/eccimovies/app/webroot/index.php(115): Dispatcher->dispatch(Object(CakeRequest), Object(CakeResponse))
#1 {main}
2015-11-01 10:07:42 Error: [MissingViewException] View file "Pages/home/display.ctp" is missing.
Exception Attributes: array (
  'file' => 'Pages/home/display.ctp',
)
Request URL: /~mj/proy/soft/eccimovies/pages/home/display
Stack Trace:
#0 /home/mj/public_html/proy/soft/eccimovies/lib/Cake/View/View.php(470): View->_getViewFileName('home/display')
#1 /home/mj/public_html/proy/soft/eccimovies/lib/Cake/Controller/Controller.php(960): View->render('home/display', NULL)
#2 /home/mj/public_html/proy/soft/eccimovies/app/Controller/PagesController.php(71): Controller->render('home/display')
#3 [internal function]: PagesController->display('home', 'display')
#4 /home/mj/public_html/proy/soft/eccimovies/lib/Cake/Controller/Controller.php(490): ReflectionMethod->invokeArgs(Object(PagesController), Array)
#5 /home/mj/public_html/proy/soft/eccimovies/lib/Cake/Routing/Dispatcher.php(193): Controller->invokeAction(Object(CakeRequest))
#6 /home/mj/public_html/proy/soft/eccimovies/lib/Cake/Routing/Dispatcher.php(167): Dispatcher->_invoke(Object(PagesController), Object(CakeRequest))
#7 /home/mj/public_html/proy/soft/eccimovies/app/webroot/index.php(115): Dispatcher->dispatch(Object(CakeRequest), Object(CakeResponse))
#8 {main}
2015-11-01 10:11:42 Error: [MissingControllerException] Controller class CssController could not be found.
Exception Attributes: array (
  'class' => 'CssController',
  'plugin' => NULL,
)
Request URL: /~mj/proy/soft/eccimovies/css/products.css
Stack Trace:
#0 /home/mj/public_html/proy/soft/eccimovies/app/webroot/index.php(115): Dispatcher->dispatch(Object(CakeRequest), Object(CakeResponse))
#1 {main}
2015-11-01 10:12:13 Error: [MissingControllerException] Controller class CssController could not be found.
Exception Attributes: array (
  'class' => 'CssController',
  'plugin' => NULL,
)
Request URL: /~mj/proy/soft/eccimovies/css/products.css
Stack Trace:
#0 /home/mj/public_html/proy/soft/eccimovies/app/webroot/index.php(115): Dispatcher->dispatch(Object(CakeRequest), Object(CakeResponse))
#1 {main}
2015-11-01 10:12:14 Error: [MissingControllerException] Controller class CssController could not be found.
Exception Attributes: array (
  'class' => 'CssController',
  'plugin' => NULL,
)
Request URL: /~mj/proy/soft/eccimovies/css/products.css
Stack Trace:
#0 /home/mj/public_html/proy/soft/eccimovies/app/webroot/index.php(115): Dispatcher->dispatch(Object(CakeRequest), Object(CakeResponse))
#1 {main}
2015-11-01 10:13:32 Error: [MissingControllerException] Controller class TestsController could not be found.
Exception Attributes: array (
  'class' => 'TestsController',
  'plugin' => NULL,
)
Request URL: /~mj/proy/soft/eccimovies/tests
Stack Trace:
#0 /home/mj/public_html/proy/soft/eccimovies/app/webroot/index.php(115): Dispatcher->dispatch(Object(CakeRequest), Object(CakeResponse))
#1 {main}
2015-11-01 10:14:28 Error: [PDOException] SQLSTATE[23000]: Integrity constraint violation: 1062 Duplicate entry '1' for key 'PRIMARY'
Stack Trace:
#0 /home/mj/public_html/proy/soft/eccimovies/lib/Cake/Model/Datasource/DboSource.php(3194): PDOStatement->execute()
#1 /home/mj/public_html/proy/soft/eccimovies/lib/Cake/TestSuite/Fixture/CakeTestFixture.php(307): DboSource->insertMulti('addresses', Array, Array)
#2 /home/mj/public_html/proy/soft/eccimovies/lib/Cake/TestSuite/Fixture/CakeFixtureManager.php(233): CakeTestFixture->insert(Object(Mysql))
#3 /home/mj/public_html/proy/soft/eccimovies/lib/Cake/TestSuite/CakeTestCase.php(80): CakeFixtureManager->load(Object(AddressTest))
#4 phar:///home/mj/public_html/proy/soft/eccimovies/vendors/phpunit.phar/phpunit/Framework/TestSuite.php(779): CakeTestCase->run(Object(PHPUnit_Framework_TestResult))
#5 phar:///home/mj/public_html/proy/soft/eccimovies/vendors/phpunit.phar/phpunit/Framework/TestSuite.php(749): PHPUnit_Framework_TestSuite->runTest(Object(AddressTest), Object(PHPUnit_Framework_TestResult))
#6 phar:///home/mj/public_html/proy/soft/eccimovies/vendors/phpunit.phar/phpunit/TextUI/TestRunner.php(350): PHPUnit_Framework_TestSuite->run(Object(PHPUnit_Framework_TestResult), false, Array, Array, false)
#7 /home/mj/public_html/proy/soft/eccimovies/lib/Cake/TestSuite/CakeTestRunner.php(62): PHPUnit_TextUI_TestRunner->doRun(Object(PHPUnit_Framework_TestSuite), Array)
#8 /home/mj/public_html/proy/soft/eccimovies/lib/Cake/TestSuite/CakeTestSuiteCommand.php(98): CakeTestRunner->doRun(Object(PHPUnit_Framework_TestSuite), Array)
#9 /home/mj/public_html/proy/soft/eccimovies/lib/Cake/TestSuite/CakeTestSuiteDispatcher.php(259): CakeTestSuiteCommand->run(Array)
#10 /home/mj/public_html/proy/soft/eccimovies/lib/Cake/TestSuite/CakeTestSuiteDispatcher.php(96): CakeTestSuiteDispatcher->_runTestCase()
#11 /home/mj/public_html/proy/soft/eccimovies/lib/Cake/TestSuite/CakeTestSuiteDispatcher.php(113): CakeTestSuiteDispatcher->dispatch()
#12 /home/mj/public_html/proy/soft/eccimovies/app/webroot/test.php(105): CakeTestSuiteDispatcher::run()
#13 {main}
2015-11-01 10:17:26 Error: [MissingControllerException] Controller class InvoicesController could not be found.
Exception Attributes: array (
  'class' => 'InvoicesController',
  'plugin' => NULL,
)
Request URL: /~mj/proy/soft/eccimovies/invoices
Stack Trace:
#0 /home/mj/public_html/proy/soft/eccimovies/app/webroot/index.php(115): Dispatcher->dispatch(Object(CakeRequest), Object(CakeResponse))
#1 {main}
2015-11-01 10:17:38 Error: [MissingActionException] Action UsersController::add() could not be found.
Exception Attributes: array (
  'controller' => 'UsersController',
  'action' => 'add',
)
Request URL: /~mj/proy/soft/eccimovies/users/add
Stack Trace:
#0 /home/mj/public_html/proy/soft/eccimovies/lib/Cake/Routing/Dispatcher.php(193): Controller->invokeAction(Object(CakeRequest))
#1 /home/mj/public_html/proy/soft/eccimovies/lib/Cake/Routing/Dispatcher.php(167): Dispatcher->_invoke(Object(UsersController), Object(CakeRequest))
#2 /home/mj/public_html/proy/soft/eccimovies/app/webroot/index.php(115): Dispatcher->dispatch(Object(CakeRequest), Object(CakeResponse))
#3 {main}
2015-11-01 10:21:05 Error: [MissingViewException] View file "Users/view.ctp" is missing.
Exception Attributes: array (
  'file' => 'Users/view.ctp',
)
Request URL: /~mj/proy/soft/eccimovies/users/view/1
Stack Trace:
#0 /home/mj/public_html/proy/soft/eccimovies/lib/Cake/View/View.php(470): View->_getViewFileName(NULL)
#1 /home/mj/public_html/proy/soft/eccimovies/lib/Cake/Controller/Controller.php(960): View->render(NULL, NULL)
#2 /home/mj/public_html/proy/soft/eccimovies/lib/Cake/Routing/Dispatcher.php(200): Controller->render()
#3 /home/mj/public_html/proy/soft/eccimovies/lib/Cake/Routing/Dispatcher.php(167): Dispatcher->_invoke(Object(UsersController), Object(CakeRequest))
#4 /home/mj/public_html/proy/soft/eccimovies/app/webroot/index.php(115): Dispatcher->dispatch(Object(CakeRequest), Object(CakeResponse))
#5 {main}
2015-11-01 10:28:43 Error: [MissingActionException] Action AddressesController::1() could not be found.
Exception Attributes: array (
  'controller' => 'AddressesController',
  'action' => '1',
)
Request URL: /~mj/proy/soft/eccimovies/addresses/1
Stack Trace:
#0 /home/mj/public_html/proy/soft/eccimovies/lib/Cake/Routing/Dispatcher.php(193): Controller->invokeAction(Object(CakeRequest))
#1 /home/mj/public_html/proy/soft/eccimovies/lib/Cake/Routing/Dispatcher.php(167): Dispatcher->_invoke(Object(AddressesController), Object(CakeRequest))
#2 /home/mj/public_html/proy/soft/eccimovies/app/webroot/index.php(115): Dispatcher->dispatch(Object(CakeRequest), Object(CakeResponse))
#3 {main}
2015-11-01 11:05:16 Error: [MissingControllerException] Controller class EditController could not be found.
Exception Attributes: array (
  'class' => 'EditController',
  'plugin' => NULL,
)
Request URL: /~mj/proy/soft/eccimovies/edit/1
Stack Trace:
#0 /home/mj/public_html/proy/soft/eccimovies/app/webroot/index.php(115): Dispatcher->dispatch(Object(CakeRequest), Object(CakeResponse))
#1 {main}
2015-11-01 11:05:30 Error: [NotFoundException] Invalid address
Request URL: /~mj/proy/soft/eccimovies/addresses/edit
Stack Trace:
#0 [internal function]: AddressesController->edit()
#1 /home/mj/public_html/proy/soft/eccimovies/lib/Cake/Controller/Controller.php(490): ReflectionMethod->invokeArgs(Object(AddressesController), Array)
#2 /home/mj/public_html/proy/soft/eccimovies/lib/Cake/Routing/Dispatcher.php(193): Controller->invokeAction(Object(CakeRequest))
#3 /home/mj/public_html/proy/soft/eccimovies/lib/Cake/Routing/Dispatcher.php(167): Dispatcher->_invoke(Object(AddressesController), Object(CakeRequest))
#4 /home/mj/public_html/proy/soft/eccimovies/app/webroot/index.php(115): Dispatcher->dispatch(Object(CakeRequest), Object(CakeResponse))
#5 {main}
2015-11-01 11:05:34 Error: [NotFoundException] Invalid address
Request URL: /~mj/proy/soft/eccimovies/addresses/edit/1
Stack Trace:
#0 [internal function]: AddressesController->edit('1')
#1 /home/mj/public_html/proy/soft/eccimovies/lib/Cake/Controller/Controller.php(490): ReflectionMethod->invokeArgs(Object(AddressesController), Array)
#2 /home/mj/public_html/proy/soft/eccimovies/lib/Cake/Routing/Dispatcher.php(193): Controller->invokeAction(Object(CakeRequest))
#3 /home/mj/public_html/proy/soft/eccimovies/lib/Cake/Routing/Dispatcher.php(167): Dispatcher->_invoke(Object(AddressesController), Object(CakeRequest))
#4 /home/mj/public_html/proy/soft/eccimovies/app/webroot/index.php(115): Dispatcher->dispatch(Object(CakeRequest), Object(CakeResponse))
#5 {main}
2015-11-01 11:07:30 Error: [NotFoundException] Invalid address
Request URL: /~mj/proy/soft/eccimovies/addresses/edit/
Stack Trace:
#0 [internal function]: AddressesController->edit()
#1 /home/mj/public_html/proy/soft/eccimovies/lib/Cake/Controller/Controller.php(490): ReflectionMethod->invokeArgs(Object(AddressesController), Array)
#2 /home/mj/public_html/proy/soft/eccimovies/lib/Cake/Routing/Dispatcher.php(193): Controller->invokeAction(Object(CakeRequest))
#3 /home/mj/public_html/proy/soft/eccimovies/lib/Cake/Routing/Dispatcher.php(167): Dispatcher->_invoke(Object(AddressesController), Object(CakeRequest))
#4 /home/mj/public_html/proy/soft/eccimovies/app/webroot/index.php(115): Dispatcher->dispatch(Object(CakeRequest), Object(CakeResponse))
#5 {main}
2015-11-01 11:24:09 Error: Fatal Error (1): Call to undefined method View::redirect() in [/home/mj/public_html/proy/soft/eccimovies/app/View/Addresses/view.ctp, line 42]
2015-11-01 11:24:09 Error: [FatalErrorException] Call to undefined method View::redirect()
Request URL: /~mj/proy/soft/eccimovies/addresses/view/3
Stack Trace:
#0 /home/mj/public_html/proy/soft/eccimovies/lib/Cake/Error/ErrorHandler.php(213): ErrorHandler::handleFatalError(1, 'Call to undefin...', '/home/mj/public...', 42)
#1 [internal function]: ErrorHandler::handleError(1, 'Call to undefin...', '/home/mj/public...', 42, Array)
#2 /home/mj/public_html/proy/soft/eccimovies/lib/Cake/Core/App.php(933): call_user_func('ErrorHandler::h...', 1, 'Call to undefin...', '/home/mj/public...', 42, Array)
#3 /home/mj/public_html/proy/soft/eccimovies/lib/Cake/Core/App.php(906): App::_checkFatalError()
#4 [internal function]: App::shutdown()
#5 {main}
2015-11-01 11:29:55 Error: Fatal Error (1): Cannot use object of type Address as array in [/home/mj/public_html/proy/soft/eccimovies/app/Controller/AddressesController.php, line 46]
2015-11-01 11:29:55 Error: [FatalErrorException] Cannot use object of type Address as array
Request URL: /~mj/proy/soft/eccimovies/addresses/view/3
Stack Trace:
#0 /home/mj/public_html/proy/soft/eccimovies/lib/Cake/Error/ErrorHandler.php(213): ErrorHandler::handleFatalError(1, 'Cannot use obje...', '/home/mj/public...', 46)
#1 [internal function]: ErrorHandler::handleError(1, 'Cannot use obje...', '/home/mj/public...', 46, Array)
#2 /home/mj/public_html/proy/soft/eccimovies/lib/Cake/Core/App.php(933): call_user_func('ErrorHandler::h...', 1, 'Cannot use obje...', '/home/mj/public...', 46, Array)
#3 /home/mj/public_html/proy/soft/eccimovies/lib/Cake/Core/App.php(906): App::_checkFatalError()
#4 [internal function]: App::shutdown()
#5 {main}
2015-11-01 11:31:06 Error: Fatal Error (1): Cannot use object of type Address as array in [/home/mj/public_html/proy/soft/eccimovies/app/Controller/AddressesController.php, line 46]
2015-11-01 11:31:06 Error: [FatalErrorException] Cannot use object of type Address as array
Request URL: /~mj/proy/soft/eccimovies/addresses/view/3
Stack Trace:
#0 /home/mj/public_html/proy/soft/eccimovies/lib/Cake/Error/ErrorHandler.php(213): ErrorHandler::handleFatalError(1, 'Cannot use obje...', '/home/mj/public...', 46)
#1 [internal function]: ErrorHandler::handleError(1, 'Cannot use obje...', '/home/mj/public...', 46, Array)
#2 /home/mj/public_html/proy/soft/eccimovies/lib/Cake/Core/App.php(933): call_user_func('ErrorHandler::h...', 1, 'Cannot use obje...', '/home/mj/public...', 46, Array)
#3 /home/mj/public_html/proy/soft/eccimovies/lib/Cake/Core/App.php(906): App::_checkFatalError()
#4 [internal function]: App::shutdown()
#5 {main}
2015-11-01 13:04:27 Error: Fatal Error (4): syntax error, unexpected ')', expecting ',' or ';' in [/home/mj/public_html/proy/soft/eccimovies/app/View/Addresses/index.ctp, line 39]
2015-11-01 13:04:27 Error: [FatalErrorException] syntax error, unexpected ')', expecting ',' or ';'
Request URL: /~mj/proy/soft/eccimovies/addresses/index/3
Stack Trace:
#0 /home/mj/public_html/proy/soft/eccimovies/lib/Cake/Error/ErrorHandler.php(213): ErrorHandler::handleFatalError(4, 'syntax error, u...', '/home/mj/public...', 39)
#1 [internal function]: ErrorHandler::handleError(4, 'syntax error, u...', '/home/mj/public...', 39, Array)
#2 /home/mj/public_html/proy/soft/eccimovies/lib/Cake/Core/App.php(933): call_user_func('ErrorHandler::h...', 4, 'syntax error, u...', '/home/mj/public...', 39, Array)
#3 /home/mj/public_html/proy/soft/eccimovies/lib/Cake/Core/App.php(906): App::_checkFatalError()
#4 [internal function]: App::shutdown()
#5 {main}
2015-11-01 13:05:00 Error: Fatal Error (4): syntax error, unexpected ')', expecting ',' or ';' in [/home/mj/public_html/proy/soft/eccimovies/app/View/Addresses/index.ctp, line 48]
2015-11-01 13:05:00 Error: [FatalErrorException] syntax error, unexpected ')', expecting ',' or ';'
Request URL: /~mj/proy/soft/eccimovies/addresses/index/3
Stack Trace:
#0 /home/mj/public_html/proy/soft/eccimovies/lib/Cake/Error/ErrorHandler.php(213): ErrorHandler::handleFatalError(4, 'syntax error, u...', '/home/mj/public...', 48)
#1 [internal function]: ErrorHandler::handleError(4, 'syntax error, u...', '/home/mj/public...', 48, Array)
#2 /home/mj/public_html/proy/soft/eccimovies/lib/Cake/Core/App.php(933): call_user_func('ErrorHandler::h...', 4, 'syntax error, u...', '/home/mj/public...', 48, Array)
#3 /home/mj/public_html/proy/soft/eccimovies/lib/Cake/Core/App.php(906): App::_checkFatalError()
#4 [internal function]: App::shutdown()
#5 {main}
2015-11-01 14:32:36 Error: [NotFoundException] Invalid address
Request URL: /~mj/proy/soft/eccimovies/addresses/add
Stack Trace:
#0 [internal function]: AddressesController->add()
#1 /home/mj/public_html/proy/soft/eccimovies/lib/Cake/Controller/Controller.php(490): ReflectionMethod->invokeArgs(Object(AddressesController), Array)
#2 /home/mj/public_html/proy/soft/eccimovies/lib/Cake/Routing/Dispatcher.php(193): Controller->invokeAction(Object(CakeRequest))
#3 /home/mj/public_html/proy/soft/eccimovies/lib/Cake/Routing/Dispatcher.php(167): Dispatcher->_invoke(Object(AddressesController), Object(CakeRequest))
#4 /home/mj/public_html/proy/soft/eccimovies/app/webroot/index.php(115): Dispatcher->dispatch(Object(CakeRequest), Object(CakeResponse))
#5 {main}
2015-11-01 14:33:59 Error: [NotFoundException] Invalid address
Request URL: /~mj/proy/soft/eccimovies/addresses/add/1
Stack Trace:
#0 [internal function]: AddressesController->add('1')
#1 /home/mj/public_html/proy/soft/eccimovies/lib/Cake/Controller/Controller.php(490): ReflectionMethod->invokeArgs(Object(AddressesController), Array)
#2 /home/mj/public_html/proy/soft/eccimovies/lib/Cake/Routing/Dispatcher.php(193): Controller->invokeAction(Object(CakeRequest))
#3 /home/mj/public_html/proy/soft/eccimovies/lib/Cake/Routing/Dispatcher.php(167): Dispatcher->_invoke(Object(AddressesController), Object(CakeRequest))
#4 /home/mj/public_html/proy/soft/eccimovies/app/webroot/index.php(115): Dispatcher->dispatch(Object(CakeRequest), Object(CakeResponse))
#5 {main}
2015-11-01 14:36:08 Error: [NotFoundException] Invalid address
Request URL: /~mj/proy/soft/eccimovies/addresses/add/1
Stack Trace:
#0 [internal function]: AddressesController->add('1')
#1 /home/mj/public_html/proy/soft/eccimovies/lib/Cake/Controller/Controller.php(490): ReflectionMethod->invokeArgs(Object(AddressesController), Array)
#2 /home/mj/public_html/proy/soft/eccimovies/lib/Cake/Routing/Dispatcher.php(193): Controller->invokeAction(Object(CakeRequest))
#3 /home/mj/public_html/proy/soft/eccimovies/lib/Cake/Routing/Dispatcher.php(167): Dispatcher->_invoke(Object(AddressesController), Object(CakeRequest))
#4 /home/mj/public_html/proy/soft/eccimovies/app/webroot/index.php(115): Dispatcher->dispatch(Object(CakeRequest), Object(CakeResponse))
#5 {main}
2015-11-01 14:36:21 Error: [NotFoundException] Invalid address
Request URL: /~mj/proy/soft/eccimovies/addresses/add/1
Stack Trace:
#0 [internal function]: AddressesController->add('1')
#1 /home/mj/public_html/proy/soft/eccimovies/lib/Cake/Controller/Controller.php(490): ReflectionMethod->invokeArgs(Object(AddressesController), Array)
#2 /home/mj/public_html/proy/soft/eccimovies/lib/Cake/Routing/Dispatcher.php(193): Controller->invokeAction(Object(CakeRequest))
#3 /home/mj/public_html/proy/soft/eccimovies/lib/Cake/Routing/Dispatcher.php(167): Dispatcher->_invoke(Object(AddressesController), Object(CakeRequest))
#4 /home/mj/public_html/proy/soft/eccimovies/app/webroot/index.php(115): Dispatcher->dispatch(Object(CakeRequest), Object(CakeResponse))
#5 {main}
2015-11-01 14:38:47 Error: [NotFoundException] Invalid address
Request URL: /~mj/proy/soft/eccimovies/addresses/add
Stack Trace:
#0 [internal function]: AddressesController->add()
#1 /home/mj/public_html/proy/soft/eccimovies/lib/Cake/Controller/Controller.php(490): ReflectionMethod->invokeArgs(Object(AddressesController), Array)
#2 /home/mj/public_html/proy/soft/eccimovies/lib/Cake/Routing/Dispatcher.php(193): Controller->invokeAction(Object(CakeRequest))
#3 /home/mj/public_html/proy/soft/eccimovies/lib/Cake/Routing/Dispatcher.php(167): Dispatcher->_invoke(Object(AddressesController), Object(CakeRequest))
#4 /home/mj/public_html/proy/soft/eccimovies/app/webroot/index.php(115): Dispatcher->dispatch(Object(CakeRequest), Object(CakeResponse))
#5 {main}
2015-11-01 14:41:35 Error: [NotFoundException] Invalid address
Request URL: /~mj/proy/soft/eccimovies/addresses/add
Stack Trace:
#0 [internal function]: AddressesController->add()
#1 /home/mj/public_html/proy/soft/eccimovies/lib/Cake/Controller/Controller.php(490): ReflectionMethod->invokeArgs(Object(AddressesController), Array)
#2 /home/mj/public_html/proy/soft/eccimovies/lib/Cake/Routing/Dispatcher.php(193): Controller->invokeAction(Object(CakeRequest))
#3 /home/mj/public_html/proy/soft/eccimovies/lib/Cake/Routing/Dispatcher.php(167): Dispatcher->_invoke(Object(AddressesController), Object(CakeRequest))
#4 /home/mj/public_html/proy/soft/eccimovies/app/webroot/index.php(115): Dispatcher->dispatch(Object(CakeRequest), Object(CakeResponse))
#5 {main}
2015-11-01 15:16:20 Error: [NotFoundException] Invalid address
Request URL: /~mj/proy/soft/eccimovies/addresses/edit/1
Stack Trace:
#0 [internal function]: AddressesController->edit('1')
#1 /home/mj/public_html/proy/soft/eccimovies/lib/Cake/Controller/Controller.php(490): ReflectionMethod->invokeArgs(Object(AddressesController), Array)
#2 /home/mj/public_html/proy/soft/eccimovies/lib/Cake/Routing/Dispatcher.php(193): Controller->invokeAction(Object(CakeRequest))
#3 /home/mj/public_html/proy/soft/eccimovies/lib/Cake/Routing/Dispatcher.php(167): Dispatcher->_invoke(Object(AddressesController), Object(CakeRequest))
#4 /home/mj/public_html/proy/soft/eccimovies/app/webroot/index.php(115): Dispatcher->dispatch(Object(CakeRequest), Object(CakeResponse))
#5 {main}
2015-11-01 15:17:00 Error: [NotFoundException] Invalid address
Request URL: /~mj/proy/soft/eccimovies/addresses/add/2
Stack Trace:
#0 [internal function]: AddressesController->add('2')
#1 /home/mj/public_html/proy/soft/eccimovies/lib/Cake/Controller/Controller.php(490): ReflectionMethod->invokeArgs(Object(AddressesController), Array)
#2 /home/mj/public_html/proy/soft/eccimovies/lib/Cake/Routing/Dispatcher.php(193): Controller->invokeAction(Object(CakeRequest))
#3 /home/mj/public_html/proy/soft/eccimovies/lib/Cake/Routing/Dispatcher.php(167): Dispatcher->_invoke(Object(AddressesController), Object(CakeRequest))
#4 /home/mj/public_html/proy/soft/eccimovies/app/webroot/index.php(115): Dispatcher->dispatch(Object(CakeRequest), Object(CakeResponse))
#5 {main}
2015-11-01 15:17:21 Error: [NotFoundException] Invalid address
Request URL: /~mj/proy/soft/eccimovies/addresses/add/1
Stack Trace:
#0 [internal function]: AddressesController->add('1')
#1 /home/mj/public_html/proy/soft/eccimovies/lib/Cake/Controller/Controller.php(490): ReflectionMethod->invokeArgs(Object(AddressesController), Array)
#2 /home/mj/public_html/proy/soft/eccimovies/lib/Cake/Routing/Dispatcher.php(193): Controller->invokeAction(Object(CakeRequest))
#3 /home/mj/public_html/proy/soft/eccimovies/lib/Cake/Routing/Dispatcher.php(167): Dispatcher->_invoke(Object(AddressesController), Object(CakeRequest))
#4 /home/mj/public_html/proy/soft/eccimovies/app/webroot/index.php(115): Dispatcher->dispatch(Object(CakeRequest), Object(CakeResponse))
#5 {main}
2015-11-01 15:17:24 Error: [NotFoundException] Invalid address
Request URL: /~mj/proy/soft/eccimovies/addresses/add/2
Stack Trace:
#0 [internal function]: AddressesController->add('2')
#1 /home/mj/public_html/proy/soft/eccimovies/lib/Cake/Controller/Controller.php(490): ReflectionMethod->invokeArgs(Object(AddressesController), Array)
#2 /home/mj/public_html/proy/soft/eccimovies/lib/Cake/Routing/Dispatcher.php(193): Controller->invokeAction(Object(CakeRequest))
#3 /home/mj/public_html/proy/soft/eccimovies/lib/Cake/Routing/Dispatcher.php(167): Dispatcher->_invoke(Object(AddressesController), Object(CakeRequest))
#4 /home/mj/public_html/proy/soft/eccimovies/app/webroot/index.php(115): Dispatcher->dispatch(Object(CakeRequest), Object(CakeResponse))
#5 {main}
2015-11-03 11:56:08 Error: [MissingControllerException] Controller class CssController could not be found.
Exception Attributes: array (
  'class' => 'CssController',
  'plugin' => NULL,
)
Request URL: /~mj/proy/soft/eccimovies/css/products.css
Stack Trace:
#0 /home/mj/public_html/proy/soft/eccimovies/app/webroot/index.php(115): Dispatcher->dispatch(Object(CakeRequest), Object(CakeResponse))
#1 {main}
2015-11-03 11:56:30 Error: [MissingControllerException] Controller class CssController could not be found.
Exception Attributes: array (
  'class' => 'CssController',
  'plugin' => NULL,
)
Request URL: /~mj/proy/soft/eccimovies/css/products.css
Stack Trace:
#0 /home/mj/public_html/proy/soft/eccimovies/app/webroot/index.php(115): Dispatcher->dispatch(Object(CakeRequest), Object(CakeResponse))
#1 {main}
2015-11-03 11:56:30 Error: [MissingControllerException] Controller class CssController could not be found.
Exception Attributes: array (
  'class' => 'CssController',
  'plugin' => NULL,
)
Request URL: /~mj/proy/soft/eccimovies/css/products.css
Stack Trace:
#0 /home/mj/public_html/proy/soft/eccimovies/app/webroot/index.php(115): Dispatcher->dispatch(Object(CakeRequest), Object(CakeResponse))
#1 {main}
